0 info it worked if it ends with ok
1 verbose cli [ 'node', '/usr/local/bin/npm', 'install' ]
2 info using npm@1.4.14
3 info using node@v0.10.29
4 warn package.json Appointment1@0.0.0 No description
5 warn package.json Appointment1@0.0.0 No repository field.
6 warn package.json Appointment1@0.0.0 No README data
7 verbose readDependencies using package.json deps
8 verbose install where, deps [ '/Users/muhammadatif/Documents/appointment1',
8 verbose install   [ 'grunt',
8 verbose install     'grunt-autoprefixer',
8 verbose install     'grunt-concurrent',
8 verbose install     'grunt-contrib-clean',
8 verbose install     'grunt-contrib-compass',
8 verbose install     'grunt-contrib-concat',
8 verbose install     'grunt-contrib-connect',
8 verbose install     'grunt-contrib-copy',
8 verbose install     'grunt-contrib-cssmin',
8 verbose install     'grunt-contrib-htmlmin',
8 verbose install     'grunt-contrib-imagemin',
8 verbose install     'grunt-contrib-jshint',
8 verbose install     'grunt-contrib-uglify',
8 verbose install     'grunt-contrib-watch',
8 verbose install     'grunt-filerev',
8 verbose install     'grunt-google-cdn',
8 verbose install     'grunt-newer',
8 verbose install     'grunt-ngmin',
8 verbose install     'grunt-svgmin',
8 verbose install     'grunt-usemin',
8 verbose install     'grunt-wiredep',
8 verbose install     'jshint-stylish',
8 verbose install     'load-grunt-tasks',
8 verbose install     'time-grunt' ] ]
9 info preinstall Appointment1@0.0.0
10 verbose readDependencies using package.json deps
11 verbose already installed skipping grunt-contrib-clean@^0.5.0 /Users/muhammadatif/Documents/appointment1
12 verbose already installed skipping grunt@^0.4.1 /Users/muhammadatif/Documents/appointment1
13 verbose already installed skipping grunt-autoprefixer@^0.7.3 /Users/muhammadatif/Documents/appointment1
14 verbose already installed skipping grunt-contrib-compass@^0.7.2 /Users/muhammadatif/Documents/appointment1
15 verbose already installed skipping grunt-concurrent@^0.5.0 /Users/muhammadatif/Documents/appointment1
16 verbose already installed skipping grunt-contrib-concat@^0.4.0 /Users/muhammadatif/Documents/appointment1
17 verbose already installed skipping grunt-contrib-connect@^0.7.1 /Users/muhammadatif/Documents/appointment1
18 verbose already installed skipping grunt-contrib-copy@^0.5.0 /Users/muhammadatif/Documents/appointment1
19 verbose already installed skipping grunt-contrib-cssmin@^0.9.0 /Users/muhammadatif/Documents/appointment1
20 verbose already installed skipping grunt-contrib-htmlmin@^0.3.0 /Users/muhammadatif/Documents/appointment1
21 verbose already installed skipping grunt-contrib-imagemin@^0.7.0 /Users/muhammadatif/Documents/appointment1
22 verbose already installed skipping grunt-contrib-jshint@^0.10.0 /Users/muhammadatif/Documents/appointment1
23 verbose already installed skipping grunt-contrib-uglify@^0.4.0 /Users/muhammadatif/Documents/appointment1
24 verbose already installed skipping grunt-contrib-watch@^0.6.1 /Users/muhammadatif/Documents/appointment1
25 verbose already installed skipping grunt-filerev@^0.2.1 /Users/muhammadatif/Documents/appointment1
26 verbose already installed skipping grunt-google-cdn@^0.4.0 /Users/muhammadatif/Documents/appointment1
27 verbose already installed skipping grunt-newer@^0.7.0 /Users/muhammadatif/Documents/appointment1
28 verbose already installed skipping grunt-ngmin@^0.0.3 /Users/muhammadatif/Documents/appointment1
29 verbose already installed skipping grunt-svgmin@^0.4.0 /Users/muhammadatif/Documents/appointment1
30 verbose already installed skipping grunt-usemin@^2.1.1 /Users/muhammadatif/Documents/appointment1
31 verbose already installed skipping grunt-wiredep@^1.7.0 /Users/muhammadatif/Documents/appointment1
32 verbose already installed skipping jshint-stylish@^0.2.0 /Users/muhammadatif/Documents/appointment1
33 verbose already installed skipping load-grunt-tasks@^0.4.0 /Users/muhammadatif/Documents/appointment1
34 verbose already installed skipping time-grunt@^0.3.1 /Users/muhammadatif/Documents/appointment1
35 silly resolved []
36 info build /Users/muhammadatif/Documents/appointment1
37 verbose linkStuff [ false, false, false, '/Users/muhammadatif/Documents' ]
38 info linkStuff Appointment1@0.0.0
39 verbose linkBins Appointment1@0.0.0
40 verbose linkMans Appointment1@0.0.0
41 verbose rebuildBundles Appointment1@0.0.0
42 verbose rebuildBundles [ '.bin',
42 verbose rebuildBundles   'bower',
42 verbose rebuildBundles   'generator-angular',
42 verbose rebuildBundles   'generator-angularfire',
42 verbose rebuildBundles   'generator-karma',
42 verbose rebuildBundles   'grunt',
42 verbose rebuildBundles   'grunt-autoprefixer',
42 verbose rebuildBundles   'grunt-cli',
42 verbose rebuildBundles   'grunt-concurrent',
42 verbose rebuildBundles   'grunt-contrib-clean',
42 verbose rebuildBundles   'grunt-contrib-compass',
42 verbose rebuildBundles   'grunt-contrib-concat',
42 verbose rebuildBundles   'grunt-contrib-connect',
42 verbose rebuildBundles   'grunt-contrib-copy',
42 verbose rebuildBundles   'grunt-contrib-cssmin',
42 verbose rebuildBundles   'grunt-contrib-htmlmin',
42 verbose rebuildBundles   'grunt-contrib-imagemin',
42 verbose rebuildBundles   'grunt-contrib-jshint',
42 verbose rebuildBundles   'grunt-contrib-uglify',
42 verbose rebuildBundles   'grunt-contrib-watch',
42 verbose rebuildBundles   'grunt-filerev',
42 verbose rebuildBundles   'grunt-google-cdn',
42 verbose rebuildBundles   'grunt-karma',
42 verbose rebuildBundles   'grunt-newer',
42 verbose rebuildBundles   'grunt-ngmin',
42 verbose rebuildBundles   'grunt-svgmin',
42 verbose rebuildBundles   'grunt-usemin',
42 verbose rebuildBundles   'grunt-wiredep',
42 verbose rebuildBundles   'jshint-stylish',
42 verbose rebuildBundles   'load-grunt-tasks',
42 verbose rebuildBundles   'time-grunt',
42 verbose rebuildBundles   'yo' ]
43 verbose rebuild bundle /Users/muhammadatif/Documents/appointment1/node_modules/bower
44 info build /Users/muhammadatif/Documents/appointment1/node_modules/bower
45 info preinstall bower@1.3.9
46 verbose linkStuff [ false,
46 verbose linkStuff   false,
46 verbose linkStuff   false,
46 verbose linkStuff   '/Users/muhammadatif/Documents/appointment1/node_modules' ]
47 info linkStuff bower@1.3.9
48 warn prefer global bower@1.3.9 should be installed with -g
49 verbose linkBins bower@1.3.9
50 verbose link bins [ { bower: 'bin/bower' },
50 verbose link bins   '/Users/muhammadatif/Documents/appointment1/node_modules/.bin',
50 verbose link bins   false ]
51 verbose linkMans bower@1.3.9
52 verbose rebuildBundles bower@1.3.9
53 verbose rebuildBundles [ '.bin',
53 verbose rebuildBundles   'abbrev',
53 verbose rebuildBundles   'archy',
53 verbose rebuildBundles   'bower-config',
53 verbose rebuildBundles   'bower-endpoint-parser',
53 verbose rebuildBundles   'bower-json',
53 verbose rebuildBundles   'bower-logger',
53 verbose rebuildBundles   'bower-registry-client',
53 verbose rebuildBundles   'cardinal',
53 verbose rebuildBundles   'chalk',
53 verbose rebuildBundles   'chmodr',
53 verbose rebuildBundles   'decompress-zip',
53 verbose rebuildBundles   'fstream',
53 verbose rebuildBundles   'fstream-ignore',
53 verbose rebuildBundles   'glob',
53 verbose rebuildBundles   'graceful-fs',
53 verbose rebuildBundles   'handlebars',
53 verbose rebuildBundles   'inquirer',
53 verbose rebuildBundles   'insight',
53 verbose rebuildBundles   'is-root',
53 verbose rebuildBundles   'junk',
53 verbose rebuildBundles   'lockfile',
53 verbose rebuildBundles   'lru-cache',
53 verbose rebuildBundles   'mkdirp',
53 verbose rebuildBundles   'mout',
53 verbose rebuildBundles   'nopt',
53 verbose rebuildBundles   'opn',
53 verbose rebuildBundles   'osenv',
53 verbose rebuildBundles   'p-throttler',
53 verbose rebuildBundles   'promptly',
53 verbose rebuildBundles   'q',
53 verbose rebuildBundles   'request',
53 verbose rebuildBundles   'request-progress',
53 verbose rebuildBundles   'retry',
53 verbose rebuildBundles   'rimraf',
53 verbose rebuildBundles   'semver',
53 verbose rebuildBundles   'shell-quote',
53 verbose rebuildBundles   'stringify-object',
53 verbose rebuildBundles   'tar',
53 verbose rebuildBundles   'tmp',
53 verbose rebuildBundles   'update-notifier',
53 verbose rebuildBundles   'which' ]
54 error Error: EACCES, unlink '/Users/muhammadatif/Documents/appointment1/node_modules/.bin/bower'
54 error  { [Error: EACCES, unlink '/Users/muhammadatif/Documents/appointment1/node_modules/.bin/bower']
54 error   errno: 3,
54 error   code: 'EACCES',
54 error   path: '/Users/muhammadatif/Documents/appointment1/node_modules/.bin/bower' }
55 error Please try running this command again as root/Administrator.
56 error System Darwin 13.3.0
57 error command "node" "/usr/local/bin/npm" "install"
58 error cwd /Users/muhammadatif/Documents/appointment1
59 error node -v v0.10.29
60 error npm -v 1.4.14
61 error path /Users/muhammadatif/Documents/appointment1/node_modules/.bin/bower
62 error code EACCES
63 error errno 3
64 error stack Error: EACCES, unlink '/Users/muhammadatif/Documents/appointment1/node_modules/.bin/bower'
65 verbose exit [ 3, true ]
